{"E:\\project\\reactjs-films-homework\\src\\components\\Signature\\Signature.js": {"path":"E:\\project\\reactjs-films-homework\\src\\components\\Signature\\Signature.js","statementMap":{"0":{"start":{"line":5,"column":18},"end":{"line":9,"column":1}},"1":{"start":{"line":6,"column":2},"end":{"line":8,"column":8}},"2":{"start":{"line":11,"column":0},"end":{"line":13,"column":2}},"3":{"start":{"line":15,"column":0},"end":{"line":17,"column":2}}},"fnMap":{"0":{"name":"(anonymous_0)","decl":{"start":{"line":5,"column":18},"end":{"line":5,"column":19}},"loc":{"start":{"line":6,"column":2},"end":{"line":8,"column":8}},"line":6}},"branchMap":{},"s":{"0":1,"1":1,"2":1,"3":1},"f":{"0":1},"b":{},"_coverageSchema":"1a1c01bbd47fc00a2c39e90264f33305004495a9","hash":"3880168f1ead452992e4efb86ab12967743334ec"}
}
